<?xml version="1.0" encoding="UTF-8"?>
<!-- Generated by org.testng.reporters.JUnitReportReporter -->
<testsuite hostname="DESKTOP-N13ARBV" failures="0" tests="1" name="com.softbank.testcases.TC02_PlacingOrder" time="10.373" errors="0" timestamp="2025-02-16T17:20:16 IST" skipped="0">
  <testcase classname="com.softbank.testcases.TC02_PlacingOrder" name="placeOrder" time="10.373"/>
  <system-out/>
</testsuite> <!-- com.softbank.testcases.TC02_PlacingOrder -->
