<?xml version="1.0" encoding="UTF-8"?>
<!-- Generated by org.testng.reporters.JUnitReportReporter -->
<testsuite hostname="DESKTOP-N13ARBV" failures="0" tests="2" name="com.softbank.testcases.TC01_SuccessfulUseLogin" time="11.153" errors="0" timestamp="2025-02-13T16:34:52 IST" skipped="0">
  <testcase classname="com.softbank.testcases.TC01_SuccessfulUseLogin" name="testUserLogin" time="5.658"/>
  <system-out/>
  <testcase classname="com.softbank.testcases.TC01_SuccessfulUseLogin" name="testUserLogin" time="5.495"/>
  <system-out/>
</testsuite> <!-- com.softbank.testcases.TC01_SuccessfulUseLogin -->
